<?xml version="1.0" encoding="UTF-8"?>
<!-- Generated by org.testng.reporters.JUnitXMLReporter -->
<testsuite ignored="12" hostname="DESKTOP-4RS0PP6" failures="1" tests="8" name="Test" time="90.009" errors="0" timestamp="2025-03-29T20:55:27 IST">
  <testcase classname="ProductTest.CreateProduct" name="createProductTest" time="14.132"/>
  <testcase classname="Login.Login" name="loginTest" time="2.058">
    <skipped/>
  </testcase> <!-- loginTest -->
  <testcase classname="Login.Login" name="loginTest" time="2.031">
    <skipped/>
  </testcase> <!-- loginTest -->
  <testcase classname="Login.Login" name="loginTest" time="2.015">
    <skipped/>
  </testcase> <!-- loginTest -->
  <testcase classname="Login.Login" name="loginTest" time="2.025">
    <failure type="java.lang.AssertionError" message="Validation is failed expected [http://49.249.28.218:8098/dashboar] but found [http://49.249.28.218:8098/dashboard]">
      <![CDATA[java.lang.AssertionError: Validation is failed expected [http://49.249.28.218:8098/dashboar] but found [http://49.249.28.218:8098/dashboard]
at Login.Login.loginTest(Login.java:47)
at java.base/java.util.ArrayList.forEach(ArrayList.java:1596)
... Removed 30 stack frames]]>
    </failure>
  </testcase> <!-- loginTest -->
  <testcase classname="CampaignTest.Createcampaign" name="createCampaignTest" time="12.483"/>
  <testcase classname="CampaignTest.Createcampaign" name="createCampaignWithDateTest" time="10.361"/>
  <testcase classname="ContactTest.CreateContact" name="CreateContactWithCampaignTest" time="20.349"/>
  <testcase classname="genericBaseClassUtility.BaseClass" name="@AfterTest aftetest" time="0.0">
    <ignored/>
  </testcase> <!-- @AfterTest aftetest -->
  <testcase classname="genericBaseClassUtility.BaseClass" name="@BeforeSuite beforesuite" time="0.0">
    <ignored/>
  </testcase> <!-- @BeforeSuite beforesuite -->
  <testcase classname="genericBaseClassUtility.BaseClass" name="@BeforeSuite beforesuite" time="0.0">
    <ignored/>
  </testcase> <!-- @BeforeSuite beforesuite -->
  <testcase classname="genericBaseClassUtility.BaseClass" name="@BeforeTest beforeTest" time="0.0">
    <ignored/>
  </testcase> <!-- @BeforeTest beforeTest -->
  <testcase classname="genericBaseClassUtility.BaseClass" name="@BeforeTest beforeTest" time="0.0">
    <ignored/>
  </testcase> <!-- @BeforeTest beforeTest -->
  <testcase classname="genericBaseClassUtility.BaseClass" name="@AfterTest aftetest" time="0.0">
    <ignored/>
  </testcase> <!-- @AfterTest aftetest -->
  <testcase classname="genericBaseClassUtility.BaseClass" name="@AfterSuite aftersuite" time="0.0">
    <ignored/>
  </testcase> <!-- @AfterSuite aftersuite -->
  <testcase classname="genericBaseClassUtility.BaseClass" name="@AfterSuite aftersuite" time="0.0">
    <ignored/>
  </testcase> <!-- @AfterSuite aftersuite -->
  <testcase classname="genericBaseClassUtility.BaseClass" name="@AfterSuite aftersuite" time="0.0">
    <ignored/>
  </testcase> <!-- @AfterSuite aftersuite -->
  <testcase classname="genericBaseClassUtility.BaseClass" name="@BeforeSuite beforesuite" time="0.0">
    <ignored/>
  </testcase> <!-- @BeforeSuite beforesuite -->
  <testcase classname="genericBaseClassUtility.BaseClass" name="@BeforeTest beforeTest" time="0.0">
    <ignored/>
  </testcase> <!-- @BeforeTest beforeTest -->
  <testcase classname="genericBaseClassUtility.BaseClass" name="@AfterTest aftetest" time="0.0">
    <ignored/>
  </testcase> <!-- @AfterTest aftetest -->
</testsuite> <!-- Test -->
