<!DOCTYPE html PUBLIC "-//W3C//DTD XHTML 1.1//EN" "https://www.w3.org/TR/xhtml11/DTD/xhtml11.dtd">
<html xmlns="https://www.w3.org/1999/xhtml">
<head>
<meta http-equiv="content-type" content="text/html; charset=UTF-8"/>
<title>TestNG Report</title>
<style type="text/css">table {margin-bottom:10px;border-collapse:collapse;empty-cells:show}th,td {border:1px solid #009;padding:.25em .5em}th {vertical-align:bottom}td {vertical-align:top}table a {font-weight:bold}.stripe td {background-color: #E6EBF9}.num {text-align:right}.passedodd td {background-color: #3F3}.passedeven td {background-color: #0A0}.skippedodd td {background-color: #DDD}.skippedeven td {background-color: #CCC}.failedodd td,.attn {background-color: #F33}.failedeven td,.stripe .attn {background-color: #D00}.stacktrace {white-space:pre;font-family:monospace}.totop {font-size:85%;text-align:center;border-bottom:2px solid #000}.invisible {display:none}</style>
</head>
<body>
<table>
<tr><th>Test</th><th># Passed</th><th># Skipped</th><th># Retried</th><th># Failed</th><th>Time (ms)</th><th>Included Groups</th><th>Excluded Groups</th></tr>
<tr><th colspan="8">Suite</th></tr>
<tr><td><a href="#t0">Test</a></td><td class="num">4</td><td class="num">0</td><td class="num attn">3</td><td class="num attn">1</td><td class="num">90,009</td><td></td><td></td></tr>
</table>
<table id='summary'><thead><tr><th>Class</th><th>Method</th><th>Start</th><th>Time (ms)</th></tr></thead><tbody><tr><th colspan="4">Suite</th></tr></tbody><tbody id="t0"><tr><th colspan="4">Test &#8212; failed</th></tr><tr class="failedeven"><td rowspan="1">Login.Login</td><td><a href="#m0">loginTest</a></td><td rowspan="1">1743261869596</td><td rowspan="1">2025</td></tr><tr><th colspan="4">Test &#8212; retried</th></tr><tr class="retriedeven"><td rowspan="3">Login.Login</td><td><a href="#m1">loginTest</a></td><td rowspan="3">1743261863940</td><td rowspan="3">2031</td></tr><tr class="retriedeven"><td><a href="#m2">loginTest</a></td></tr><tr class="retriedeven"><td><a href="#m3">loginTest</a></td></tr><tr><th colspan="4">Test &#8212; passed</th></tr><tr class="passedeven"><td rowspan="2">CampaignTest.Createcampaign</td><td><a href="#m4">createCampaignTest</a></td><td rowspan="1">1743261874635</td><td rowspan="1">12483</td></tr><tr class="passedeven"><td><a href="#m5">createCampaignWithDateTest</a></td><td rowspan="1">1743261891726</td><td rowspan="1">10361</td></tr><tr class="passedodd"><td rowspan="1">ContactTest.CreateContact</td><td><a href="#m6">CreateContactWithCampaignTest</a></td><td rowspan="1">1743261907003</td><td rowspan="1">20349</td></tr><tr class="passedeven"><td rowspan="1">ProductTest.CreateProduct</td><td><a href="#m7">createProductTest</a></td><td rowspan="1">1743261841636</td><td rowspan="1">14132</td></tr></tbody>
</table>
<h2>Test</h2><h3 id="m0">Login.Login#loginTest</h3><table class="result"><tr><th>Exception</th></tr><tr><td><div class="stacktrace">java.lang.AssertionError: Validation is failed expected [http://49.249.28.218:8098/dashboar] but found [http://49.249.28.218:8098/dashboard]
	at Login.Login.loginTest(Login.java:47)
	at java.base/java.util.ArrayList.forEach(ArrayList.java:1596)
... Removed 30 stack frames</div></td></tr></table><p class="totop"><a href="#summary">back to summary</a></p>
<h3 id="m1">Login.Login#loginTest</h3><table class="result"><tr><th>Exception</th></tr><tr><td><div class="stacktrace">java.lang.AssertionError: Validation is failed expected [http://49.249.28.218:8098/dashboar] but found [http://49.249.28.218:8098/dashboard]
	at Login.Login.loginTest(Login.java:47)
	at java.base/java.util.ArrayList.forEach(ArrayList.java:1596)
... Removed 30 stack frames</div></td></tr></table><p class="totop"><a href="#summary">back to summary</a></p>
<h3 id="m2">Login.Login#loginTest</h3><table class="result"><tr><th>Exception</th></tr><tr><td><div class="stacktrace">java.lang.AssertionError: Validation is failed expected [http://49.249.28.218:8098/dashboar] but found [http://49.249.28.218:8098/dashboard]
	at Login.Login.loginTest(Login.java:47)
	at java.base/java.util.ArrayList.forEach(ArrayList.java:1596)
... Removed 30 stack frames</div></td></tr></table><p class="totop"><a href="#summary">back to summary</a></p>
<h3 id="m3">Login.Login#loginTest</h3><table class="result"><tr><th>Exception</th></tr><tr><td><div class="stacktrace">java.lang.AssertionError: Validation is failed expected [http://49.249.28.218:8098/dashboar] but found [http://49.249.28.218:8098/dashboard]
	at Login.Login.loginTest(Login.java:47)
	at java.base/java.util.ArrayList.forEach(ArrayList.java:1596)
... Removed 30 stack frames</div></td></tr></table><p class="totop"><a href="#summary">back to summary</a></p>
<h3 id="m4">CampaignTest.Createcampaign#createCampaignTest</h3><table class="result"><tr><th>Messages</th></tr><tr><td><div class="messages">campaign Banner112670 added successfully</div></td></tr></table><p class="totop"><a href="#summary">back to summary</a></p>
<h3 id="m5">CampaignTest.Createcampaign#createCampaignWithDateTest</h3><table class="result"><tr><th>Messages</th></tr><tr><td><div class="messages">campaign Banner1114 added successfully</div></td></tr></table><p class="totop"><a href="#summary">back to summary</a></p>
<h3 id="m6">ContactTest.CreateContact#CreateContactWithCampaignTest</h3><table class="result"><tr><th>Messages</th></tr><tr><td><div class="messages">Contact Smith_262 added Successfully</div></td></tr></table><p class="totop"><a href="#summary">back to summary</a></p>
<h3 id="m7">ProductTest.CreateProduct#createProductTest</h3><table class="result"><tr><th>Messages</th></tr><tr><td><div class="messages">campaign Quantity1252 added successfully</div></td></tr></table><p class="totop"><a href="#summary">back to summary</a></p>
</body>
</html>
